<?xml version="1.0" encoding="UTF-8"?>
<!-- Generated by org.testng.reporters.JUnitReportReporter -->
<testsuite skipped="0" hostname="LAPTOP-QKUQ4M0G" name="com.TestBase" tests="1" failures="0" timestamp="31 Oct 2020 10:09:28 GMT" time="11.166" errors="0">
  <testcase name="BrowserInitialize" time="11.166" classname="com.TestBase"/>
</testsuite> <!-- com.TestBase -->
