<?xml version="1.0" encoding="UTF-8"?>
<!-- Generated by org.testng.reporters.JUnitReportReporter -->
<testsuite skipped="0" hostname="LAPTOP-QKUQ4M0G" name="com.Testcase1" tests="1" failures="0" timestamp="01 Nov 2020 08:08:25 GMT" time="10.037" errors="0">
  <testcase name="TestCaseOne" time="10.037" classname="com.Testcase1"/>
</testsuite> <!-- com.Testcase1 -->
