<?xml version="1.0" encoding="UTF-8"?>
<!-- Generated by org.testng.reporters.JUnitReportReporter -->
<testsuite skipped="0" hostname="LAPTOP-QKUQ4M0G" name="com.GrootanTest" tests="5" failures="0" timestamp="07 Nov 2020 14:34:56 GMT" time="26.197" errors="0">
  <testcase name="clickingAllSections1" time="13.433" classname="com.GrootanTest"/>
  <testcase name="clickingAllSections2" time="9.500" classname="com.GrootanTest"/>
  <testcase name="comparingAllSections" time="1.395" classname="com.GrootanTest"/>
  <testcase name="compareTwoPersonsimage" time="0.779" classname="com.GrootanTest"/>
  <testcase name="juniorEngineersList" time="1.090" classname="com.GrootanTest"/>
</testsuite> <!-- com.GrootanTest -->
